# JRE version: OpenJDK Runtime Environment Temurin-17.0.1+12 (17.0.1+12) (build 17.0.1+12)
# Java VM: OpenJDK 64-Bit Server VM Temurin-17.0.1+12 (17.0.1+12, mixed mode, tiered, compressed oops, compressed class ptrs, g1 gc, windows-amd64)
GC Precious Log:
 CPUs: 4 total, 4 available
 Memory: 3960M
 Large Page Support: Disabled
 NUMA Support: Disabled
 Compressed Oops: Enabled (32-bit)
 Heap Region Size: 1M
 Heap Min Capacity: 8M
 Heap Initial Capacity: 62M
 Heap Max Capacity: 992M
 Pre-touch: Disabled
 Parallel Workers: 4
 Concurrent Workers: 1
 Concurrent Refinement Workers: 4
 Periodic GC: Disabled
Heap:
 garbage-first heap   total 72704K, used 42888K [0x00000000c2000000, 0x0000000100000000)
  region size 1024K, 7 young (7168K), 1 survivors (1024K)
 Metaspace       used 67028K, committed 67584K, reserved 1114112K
  class space    used 8111K, committed 8384K, reserved 1048576K
GC Heap History (20 events):
Event: 38.114 GC heap before
{Heap before GC invocations=39 (full 0):
 garbage-first heap   total 55296K, used 45526K [0x00000000c2000000, 0x0000000100000000)
  region size 1024K, 18 young (18432K), 2 survivors (2048K)
 Metaspace       used 55248K, committed 55680K, reserved 1105920K
  class space    used 6762K, committed 6976K, reserved 1048576K
}
Event: 38.120 GC heap after
{Heap after GC invocations=40 (full 0):
 garbage-first heap   total 55296K, used 30830K [0x00000000c2000000, 0x0000000100000000)
  region size 1024K, 2 young (2048K), 2 survivors (2048K)
 Metaspace       used 55248K, committed 55680K, reserved 1105920K
  class space    used 6762K, committed 6976K, reserved 1048576K
}
Event: 38.684 GC heap before
{Heap before GC invocations=41 (full 0):
 garbage-first heap   total 60416K, used 46190K [0x00000000c2000000, 0x0000000100000000)
  region size 1024K, 17 young (17408K), 2 survivors (2048K)
 Metaspace       used 56078K, committed 56448K, reserved 1105920K
  class space    used 6859K, committed 7040K, reserved 1048576K
}
Event: 38.690 GC heap after
{Heap after GC invocations=42 (full 0):
 garbage-first heap   total 72704K, used 31332K [0x00000000c2000000, 0x0000000100000000)
  region size 1024K, 2 young (2048K), 2 survivors (2048K)
 Metaspace       used 56078K, committed 56448K, reserved 1105920K
  class space    used 6859K, committed 7040K, reserved 1048576K
}
Event: 38.712 GC heap before
{Heap before GC invocations=42 (full 0):
 garbage-first heap   total 72704K, used 31332K [0x00000000c2000000, 0x0000000100000000)
  region size 1024K, 3 young (3072K), 2 survivors (2048K)
 Metaspace       used 56084K, committed 56448K, reserved 1105920K
  class space    used 6859K, committed 7040K, reserved 1048576K
}
Event: 38.719 GC heap after
{Heap after GC invocations=43 (full 0):
 garbage-first heap   total 72704K, used 31299K [0x00000000c2000000, 0x0000000100000000)
  region size 1024K, 1 young (1024K), 1 survivors (1024K)
 Metaspace       used 56084K, committed 56448K, reserved 1105920K
  class space    used 6859K, committed 7040K, reserved 1048576K
}
Event: 39.601 GC heap before
{Heap before GC invocations=43 (full 0):
 garbage-first heap   total 72704K, used 59971K [0x00000000c2000000, 0x0000000100000000)
  region size 1024K, 29 young (29696K), 1 survivors (1024K)
 Metaspace       used 57050K, committed 57472K, reserved 1105920K
  class space    used 7005K, committed 7232K, reserved 1048576K
}
Event: 39.606 GC heap after
{Heap after GC invocations=44 (full 0):
 garbage-first heap   total 72704K, used 32242K [0x00000000c2000000, 0x0000000100000000)
  region size 1024K, 2 young (2048K), 2 survivors (2048K)
 Metaspace       used 57050K, committed 57472K, reserved 1105920K
  class space    used 7005K, committed 7232K, reserved 1048576K
}
Event: 40.278 GC heap before
{Heap before GC invocations=44 (full 0):
 garbage-first heap   total 72704K, used 58866K [0x00000000c2000000, 0x0000000100000000)
  region size 1024K, 28 young (28672K), 2 survivors (2048K)
 Metaspace       used 57598K, committed 57984K, reserved 1105920K
  class space    used 7085K, committed 7296K, reserved 1048576K
}
Event: 40.284 GC heap after
{Heap after GC invocations=45 (full 0):
 garbage-first heap   total 72704K, used 33355K [0x00000000c2000000, 0x0000000100000000)
  region size 1024K, 3 young (3072K), 3 survivors (3072K)
 Metaspace       used 57598K, committed 57984K, reserved 1105920K
  class space    used 7085K, committed 7296K, reserved 1048576K
}
Event: 42.163 GC heap before
{Heap before GC invocations=45 (full 0):
 garbage-first heap   total 72704K, used 57931K [0x00000000c2000000, 0x0000000100000000)
  region size 1024K, 28 young (28672K), 3 survivors (3072K)
 Metaspace       used 62720K, committed 63168K, reserved 1105920K
  class space    used 7743K, committed 8000K, reserved 1048576K
}
Event: 42.185 GC heap after
{Heap after GC invocations=46 (full 0):
 garbage-first heap   total 72704K, used 36253K [0x00000000c2000000, 0x0000000100000000)
  region size 1024K, 4 young (4096K), 4 survivors (4096K)
 Metaspace       used 62720K, committed 63168K, reserved 1105920K
  class space    used 7743K, committed 8000K, reserved 1048576K
}
Event: 500.744 GC heap before
{Heap before GC invocations=46 (full 0):
 garbage-first heap   total 72704K, used 58781K [0x00000000c2000000, 0x0000000100000000)
  region size 1024K, 26 young (26624K), 4 survivors (4096K)
 Metaspace       used 66015K, committed 66496K, reserved 1114112K
  class space    used 8132K, committed 8384K, reserved 1048576K
}
Event: 501.197 GC heap after
{Heap after GC invocations=47 (full 0):
 garbage-first heap   total 72704K, used 37943K [0x00000000c2000000, 0x0000000100000000)
  region size 1024K, 2 young (2048K), 2 survivors (2048K)
 Metaspace       used 66015K, committed 66496K, reserved 1114112K
  class space    used 8132K, committed 8384K, reserved 1048576K
}
Event: 6300.816 GC heap before
{Heap before GC invocations=48 (full 0):
 garbage-first heap   total 72704K, used 58423K [0x00000000c2000000, 0x0000000100000000)
  region size 1024K, 22 young (22528K), 2 survivors (2048K)
 Metaspace       used 66692K, committed 67200K, reserved 1114112K
  class space    used 8134K, committed 8384K, reserved 1048576K
}
Event: 6301.246 GC heap after
{Heap after GC invocations=49 (full 0):
 garbage-first heap   total 72704K, used 37906K [0x00000000c2000000, 0x0000000100000000)
  region size 1024K, 2 young (2048K), 2 survivors (2048K)
 Metaspace       used 66692K, committed 67200K, reserved 1114112K
  class space    used 8134K, committed 8384K, reserved 1048576K
}
Event: 6362.286 GC heap before
{Heap before GC invocations=49 (full 0):
 garbage-first heap   total 72704K, used 38930K [0x00000000c2000000, 0x0000000100000000)
  region size 1024K, 3 young (3072K), 2 survivors (2048K)
 Metaspace       used 66705K, committed 67200K, reserved 1114112K
  class space    used 8134K, committed 8384K, reserved 1048576K
}
Event: 6362.513 GC heap after
{Heap after GC invocations=50 (full 0):
 garbage-first heap   total 72704K, used 37612K [0x00000000c2000000, 0x0000000100000000)
  region size 1024K, 1 young (1024K), 1 survivors (1024K)
 Metaspace       used 66705K, committed 67200K, reserved 1114112K
  class space    used 8134K, committed 8384K, reserved 1048576K
}
Event: 9229.969 GC heap before
{Heap before GC invocations=50 (full 0):
 garbage-first heap   total 72704K, used 58092K [0x00000000c2000000, 0x0000000100000000)
  region size 1024K, 21 young (21504K), 1 survivors (1024K)
 Metaspace       used 67097K, committed 67584K, reserved 1114112K
  class space    used 8135K, committed 8384K, reserved 1048576K
}
Event: 9230.207 GC heap after
{Heap after GC invocations=51 (full 0):
 garbage-first heap   total 72704K, used 37768K [0x00000000c2000000, 0x0000000100000000)
  region size 1024K, 1 young (1024K), 1 survivors (1024K)
 Metaspace       used 67097K, committed 67584K, reserved 1114112K
  class space    used 8135K, committed 8384K, reserved 1048576K
}

