# JRE version: OpenJDK Runtime Environment Temurin-17.0.1+12 (17.0.1+12) (build 17.0.1+12)
# Java VM: OpenJDK 64-Bit Server VM Temurin-17.0.1+12 (17.0.1+12, mixed mode, tiered, compressed oops, compressed class ptrs, g1 gc, windows-amd64)
GC Precious Log:
 CPUs: 4 total, 4 available
 Memory: 3960M
 Large Page Support: Disabled
 NUMA Support: Disabled
 Compressed Oops: Enabled (32-bit)
 Heap Region Size: 1M
 Heap Min Capacity: 8M
 Heap Initial Capacity: 62M
 Heap Max Capacity: 992M
 Pre-touch: Disabled
 Parallel Workers: 4
 Concurrent Workers: 1
 Concurrent Refinement Workers: 4
 Periodic GC: Disabled
Heap:
 garbage-first heap   total 58368K, used 40334K [0x00000000c2000000, 0x0000000100000000)
  region size 1024K, 17 young (17408K), 3 survivors (3072K)
 Metaspace       used 50475K, committed 50880K, reserved 1097728K
  class space    used 6294K, committed 6528K, reserved 1048576K
GC Heap History (20 events):
Event: 61.028 GC heap before
{Heap before GC invocations=11 (full 0):
 garbage-first heap   total 40960K, used 28241K [0x00000000c2000000, 0x0000000100000000)
  region size 1024K, 15 young (15360K), 2 survivors (2048K)
 Metaspace       used 35646K, committed 35968K, reserved 1081344K
  class space    used 4303K, committed 4480K, reserved 1048576K
}
Event: 61.040 GC heap after
{Heap after GC invocations=12 (full 0):
 garbage-first heap   total 40960K, used 17022K [0x00000000c2000000, 0x0000000100000000)
  region size 1024K, 2 young (2048K), 2 survivors (2048K)
 Metaspace       used 35646K, committed 35968K, reserved 1081344K
  class space    used 4303K, committed 4480K, reserved 1048576K
}
Event: 63.046 GC heap before
{Heap before GC invocations=13 (full 0):
 garbage-first heap   total 40960K, used 30334K [0x00000000c2000000, 0x0000000100000000)
  region size 1024K, 16 young (16384K), 2 survivors (2048K)
 Metaspace       used 38524K, committed 38784K, reserved 1089536K
  class space    used 4692K, committed 4800K, reserved 1048576K
}
Event: 63.055 GC heap after
{Heap after GC invocations=14 (full 0):
 garbage-first heap   total 40960K, used 18465K [0x00000000c2000000, 0x0000000100000000)
  region size 1024K, 2 young (2048K), 2 survivors (2048K)
 Metaspace       used 38524K, committed 38784K, reserved 1089536K
  class space    used 4692K, committed 4800K, reserved 1048576K
}
Event: 70.404 GC heap before
{Heap before GC invocations=14 (full 0):
 garbage-first heap   total 40960K, used 30753K [0x00000000c2000000, 0x0000000100000000)
  region size 1024K, 15 young (15360K), 2 survivors (2048K)
 Metaspace       used 40999K, committed 41280K, reserved 1089536K
  class space    used 5015K, committed 5120K, reserved 1048576K
}
Event: 70.411 GC heap after
{Heap after GC invocations=15 (full 0):
 garbage-first heap   total 40960K, used 20067K [0x00000000c2000000, 0x0000000100000000)
  region size 1024K, 2 young (2048K), 2 survivors (2048K)
 Metaspace       used 40999K, committed 41280K, reserved 1089536K
  class space    used 5015K, committed 5120K, reserved 1048576K
}
Event: 72.468 GC heap before
{Heap before GC invocations=15 (full 0):
 garbage-first heap   total 40960K, used 28259K [0x00000000c2000000, 0x0000000100000000)
  region size 1024K, 11 young (11264K), 2 survivors (2048K)
 Metaspace       used 42189K, committed 42560K, reserved 1089536K
  class space    used 5128K, committed 5312K, reserved 1048576K
}
Event: 72.474 GC heap after
{Heap after GC invocations=16 (full 0):
 garbage-first heap   total 40960K, used 21596K [0x00000000c2000000, 0x0000000100000000)
  region size 1024K, 2 young (2048K), 2 survivors (2048K)
 Metaspace       used 42189K, committed 42560K, reserved 1089536K
  class space    used 5128K, committed 5312K, reserved 1048576K
}
Event: 72.866 GC heap before
{Heap before GC invocations=16 (full 0):
 garbage-first heap   total 58368K, used 32860K [0x00000000c2000000, 0x0000000100000000)
  region size 1024K, 12 young (12288K), 2 survivors (2048K)
 Metaspace       used 42189K, committed 42560K, reserved 1089536K
  class space    used 5128K, committed 5312K, reserved 1048576K
}
Event: 72.873 GC heap after
{Heap after GC invocations=17 (full 0):
 garbage-first heap   total 58368K, used 23552K [0x00000000c2000000, 0x0000000100000000)
  region size 1024K, 2 young (2048K), 2 survivors (2048K)
 Metaspace       used 42189K, committed 42560K, reserved 1089536K
  class space    used 5128K, committed 5312K, reserved 1048576K
}
Event: 73.637 GC heap before
{Heap before GC invocations=18 (full 0):
 garbage-first heap   total 58368K, used 34816K [0x00000000c2000000, 0x0000000100000000)
  region size 1024K, 10 young (10240K), 2 survivors (2048K)
 Metaspace       used 42192K, committed 42560K, reserved 1089536K
  class space    used 5128K, committed 5312K, reserved 1048576K
}
Event: 73.647 GC heap after
{Heap after GC invocations=19 (full 0):
 garbage-first heap   total 58368K, used 28721K [0x00000000c2000000, 0x0000000100000000)
  region size 1024K, 3 young (3072K), 3 survivors (3072K)
 Metaspace       used 42192K, committed 42560K, reserved 1089536K
  class space    used 5128K, committed 5312K, reserved 1048576K
}
Event: 75.167 GC heap before
{Heap before GC invocations=20 (full 0):
 garbage-first heap   total 58368K, used 44081K [0x00000000c2000000, 0x0000000100000000)
  region size 1024K, 18 young (18432K), 3 survivors (3072K)
 Metaspace       used 42490K, committed 42816K, reserved 1089536K
  class space    used 5159K, committed 5312K, reserved 1048576K
}
Event: 75.175 GC heap after
{Heap after GC invocations=21 (full 0):
 garbage-first heap   total 58368K, used 23772K [0x00000000c2000000, 0x0000000100000000)
  region size 1024K, 1 young (1024K), 1 survivors (1024K)
 Metaspace       used 42490K, committed 42816K, reserved 1089536K
  class space    used 5159K, committed 5312K, reserved 1048576K
}
Event: 76.169 GC heap before
{Heap before GC invocations=21 (full 0):
 garbage-first heap   total 58368K, used 44252K [0x00000000c2000000, 0x0000000100000000)
  region size 1024K, 20 young (20480K), 1 survivors (1024K)
 Metaspace       used 42856K, committed 43136K, reserved 1089536K
  class space    used 5193K, committed 5312K, reserved 1048576K
}
Event: 76.171 GC heap after
{Heap after GC invocations=22 (full 0):
 garbage-first heap   total 58368K, used 24785K [0x00000000c2000000, 0x0000000100000000)
  region size 1024K, 1 young (1024K), 1 survivors (1024K)
 Metaspace       used 42856K, committed 43136K, reserved 1089536K
  class space    used 5193K, committed 5312K, reserved 1048576K
}
Event: 86.050 GC heap before
{Heap before GC invocations=22 (full 0):
 garbage-first heap   total 58368K, used 43217K [0x00000000c2000000, 0x0000000100000000)
  region size 1024K, 20 young (20480K), 1 survivors (1024K)
 Metaspace       used 46127K, committed 46464K, reserved 1089536K
  class space    used 5694K, committed 5824K, reserved 1048576K
}
Event: 86.057 GC heap after
{Heap after GC invocations=23 (full 0):
 garbage-first heap   total 58368K, used 25103K [0x00000000c2000000, 0x0000000100000000)
  region size 1024K, 2 young (2048K), 2 survivors (2048K)
 Metaspace       used 46127K, committed 46464K, reserved 1089536K
  class space    used 5694K, committed 5824K, reserved 1048576K
}
Event: 95.930 GC heap before
{Heap before GC invocations=23 (full 0):
 garbage-first heap   total 58368K, used 45583K [0x00000000c2000000, 0x0000000100000000)
  region size 1024K, 22 young (22528K), 2 survivors (2048K)
 Metaspace       used 49011K, committed 49408K, reserved 1097728K
  class space    used 6121K, committed 6336K, reserved 1048576K
}
Event: 95.969 GC heap after
{Heap after GC invocations=24 (full 0):
 garbage-first heap   total 58368K, used 27022K [0x00000000c2000000, 0x0000000100000000)
  region size 1024K, 3 young (3072K), 3 survivors (3072K)
 Metaspace       used 49011K, committed 49408K, reserved 1097728K
  class space    used 6121K, committed 6336K, reserved 1048576K
}

