# JRE version: OpenJDK Runtime Environment Temurin-17.0.1+12 (17.0.1+12) (build 17.0.1+12)
# Java VM: OpenJDK 64-Bit Server VM Temurin-17.0.1+12 (17.0.1+12, mixed mode, tiered, compressed oops, compressed class ptrs, g1 gc, windows-amd64)
GC Precious Log:
 CPUs: 4 total, 4 available
 Memory: 3960M
 Large Page Support: Disabled
 NUMA Support: Disabled
 Compressed Oops: Enabled (32-bit)
 Heap Region Size: 1M
 Heap Min Capacity: 8M
 Heap Initial Capacity: 62M
 Heap Max Capacity: 992M
 Pre-touch: Disabled
 Parallel Workers: 4
 Concurrent Workers: 1
 Concurrent Refinement Workers: 4
 Periodic GC: Disabled
Heap:
 garbage-first heap   total 62464K, used 33642K [0x00000000c2000000, 0x0000000100000000)
  region size 1024K, 2 young (2048K), 1 survivors (1024K)
 Metaspace       used 69153K, committed 69568K, reserved 1114112K
  class space    used 8517K, committed 8768K, reserved 1048576K
GC Heap History (20 events):
Event: 14.594 GC heap before
{Heap before GC invocations=17 (full 0):
 garbage-first heap   total 62464K, used 46720K [0x00000000c2000000, 0x0000000100000000)
  region size 1024K, 29 young (29696K), 4 survivors (4096K)
 Metaspace       used 49422K, committed 49728K, reserved 1097728K
  class space    used 6054K, committed 6208K, reserved 1048576K
}
Event: 14.607 GC heap after
{Heap after GC invocations=18 (full 0):
 garbage-first heap   total 62464K, used 23467K [0x00000000c2000000, 0x0000000100000000)
  region size 1024K, 4 young (4096K), 4 survivors (4096K)
 Metaspace       used 49422K, committed 49728K, reserved 1097728K
  class space    used 6054K, committed 6208K, reserved 1048576K
}
Event: 16.291 GC heap before
{Heap before GC invocations=18 (full 0):
 garbage-first heap   total 62464K, used 47019K [0x00000000c2000000, 0x0000000100000000)
  region size 1024K, 28 young (28672K), 4 survivors (4096K)
 Metaspace       used 54415K, committed 54720K, reserved 1097728K
  class space    used 6664K, committed 6784K, reserved 1048576K
}
Event: 16.302 GC heap after
{Heap after GC invocations=19 (full 0):
 garbage-first heap   total 62464K, used 26566K [0x00000000c2000000, 0x0000000100000000)
  region size 1024K, 3 young (3072K), 3 survivors (3072K)
 Metaspace       used 54415K, committed 54720K, reserved 1097728K
  class space    used 6664K, committed 6784K, reserved 1048576K
}
Event: 18.015 GC heap before
{Heap before GC invocations=19 (full 0):
 garbage-first heap   total 62464K, used 49094K [0x00000000c2000000, 0x0000000100000000)
  region size 1024K, 25 young (25600K), 3 survivors (3072K)
 Metaspace       used 59500K, committed 59840K, reserved 1105920K
  class space    used 7319K, committed 7488K, reserved 1048576K
}
Event: 18.023 GC heap after
{Heap after GC invocations=20 (full 0):
 garbage-first heap   total 62464K, used 29138K [0x00000000c2000000, 0x0000000100000000)
  region size 1024K, 3 young (3072K), 3 survivors (3072K)
 Metaspace       used 59500K, committed 59840K, reserved 1105920K
  class space    used 7319K, committed 7488K, reserved 1048576K
}
Event: 18.626 GC heap before
{Heap before GC invocations=20 (full 0):
 garbage-first heap   total 62464K, used 35282K [0x00000000c2000000, 0x0000000100000000)
  region size 1024K, 10 young (10240K), 3 survivors (3072K)
 Metaspace       used 60248K, committed 60608K, reserved 1105920K
  class space    used 7429K, committed 7616K, reserved 1048576K
}
Event: 18.632 GC heap after
{Heap after GC invocations=21 (full 0):
 garbage-first heap   total 62464K, used 29872K [0x00000000c2000000, 0x0000000100000000)
  region size 1024K, 1 young (1024K), 1 survivors (1024K)
 Metaspace       used 60248K, committed 60608K, reserved 1105920K
  class space    used 7429K, committed 7616K, reserved 1048576K
}
Event: 19.942 GC heap before
{Heap before GC invocations=22 (full 0):
 garbage-first heap   total 62464K, used 48304K [0x00000000c2000000, 0x0000000100000000)
  region size 1024K, 19 young (19456K), 1 survivors (1024K)
 Metaspace       used 63058K, committed 63488K, reserved 1105920K
  class space    used 7847K, committed 8064K, reserved 1048576K
}
Event: 19.949 GC heap after
{Heap after GC invocations=23 (full 0):
 garbage-first heap   total 62464K, used 31941K [0x00000000c2000000, 0x0000000100000000)
  region size 1024K, 3 young (3072K), 3 survivors (3072K)
 Metaspace       used 63058K, committed 63488K, reserved 1105920K
  class space    used 7847K, committed 8064K, reserved 1048576K
}
Event: 21.601 GC heap before
{Heap before GC invocations=23 (full 0):
 garbage-first heap   total 62464K, used 48325K [0x00000000c2000000, 0x0000000100000000)
  region size 1024K, 19 young (19456K), 3 survivors (3072K)
 Metaspace       used 66987K, committed 67456K, reserved 1114112K
  class space    used 8384K, committed 8640K, reserved 1048576K
}
Event: 21.610 GC heap after
{Heap after GC invocations=24 (full 0):
 garbage-first heap   total 62464K, used 33248K [0x00000000c2000000, 0x0000000100000000)
  region size 1024K, 2 young (2048K), 2 survivors (2048K)
 Metaspace       used 66987K, committed 67456K, reserved 1114112K
  class space    used 8384K, committed 8640K, reserved 1048576K
}
Event: 683.770 GC heap before
{Heap before GC invocations=25 (full 0):
 garbage-first heap   total 62464K, used 47584K [0x00000000c2000000, 0x0000000100000000)
  region size 1024K, 17 young (17408K), 2 survivors (2048K)
 Metaspace       used 68532K, committed 68992K, reserved 1114112K
  class space    used 8538K, committed 8768K, reserved 1048576K
}
Event: 684.176 GC heap after
{Heap after GC invocations=26 (full 0):
 garbage-first heap   total 62464K, used 33704K [0x00000000c2000000, 0x0000000100000000)
  region size 1024K, 2 young (2048K), 2 survivors (2048K)
 Metaspace       used 68532K, committed 68992K, reserved 1114112K
  class space    used 8538K, committed 8768K, reserved 1048576K
}
Event: 832.674 GC heap before
{Heap before GC invocations=26 (full 0):
 garbage-first heap   total 62464K, used 34728K [0x00000000c2000000, 0x0000000100000000)
  region size 1024K, 3 young (3072K), 2 survivors (2048K)
 Metaspace       used 68565K, committed 68992K, reserved 1114112K
  class space    used 8538K, committed 8768K, reserved 1048576K
}
Event: 832.872 GC heap after
{Heap after GC invocations=27 (full 0):
 garbage-first heap   total 62464K, used 33501K [0x00000000c2000000, 0x0000000100000000)
  region size 1024K, 1 young (1024K), 1 survivors (1024K)
 Metaspace       used 68565K, committed 68992K, reserved 1114112K
  class space    used 8538K, committed 8768K, reserved 1048576K
}
Event: 2826.970 GC heap before
{Heap before GC invocations=27 (full 0):
 garbage-first heap   total 62464K, used 49885K [0x00000000c2000000, 0x0000000100000000)
  region size 1024K, 17 young (17408K), 1 survivors (1024K)
 Metaspace       used 68994K, committed 69376K, reserved 1114112K
  class space    used 8541K, committed 8768K, reserved 1048576K
}
Event: 2827.108 GC heap after
{Heap after GC invocations=28 (full 0):
 garbage-first heap   total 62464K, used 33545K [0x00000000c2000000, 0x0000000100000000)
  region size 1024K, 1 young (1024K), 1 survivors (1024K)
 Metaspace       used 68994K, committed 69376K, reserved 1114112K
  class space    used 8541K, committed 8768K, reserved 1048576K
}
Event: 4812.397 GC heap before
{Heap before GC invocations=29 (full 0):
 garbage-first heap   total 62464K, used 49929K [0x00000000c2000000, 0x0000000100000000)
  region size 1024K, 17 young (17408K), 1 survivors (1024K)
 Metaspace       used 69125K, committed 69568K, reserved 1114112K
  class space    used 8517K, committed 8768K, reserved 1048576K
}
Event: 4812.883 GC heap after
{Heap after GC invocations=30 (full 0):
 garbage-first heap   total 62464K, used 33642K [0x00000000c2000000, 0x0000000100000000)
  region size 1024K, 1 young (1024K), 1 survivors (1024K)
 Metaspace       used 69125K, committed 69568K, reserved 1114112K
  class space    used 8517K, committed 8768K, reserved 1048576K
}

